{
  "RSpec": {
    "coverage": {
      "/root/cs3300iteration2/app/controllers/mtg_cards_controller.rb": {
        "lines": [
          1,
          1,
          1,
          null,
          1,
          4,
          null,
          null,
          null,
          1,
          null,
          null,
          null,
          1,
          0,
          null,
          null,
          null,
          1,
          null,
          null,
          null,
          1,
          0,
          null,
          0,
          0,
          0,
          0,
          null,
          0,
          0,
          null,
          null,
          null,
          null,
          null,
          1,
          2,
          2,
          2,
          1,
          null,
          2,
          1,
          null,
          null,
          null,
          null,
          null,
          1,
          0,
          null,
          0,
          0,
          0,
          null,
          null,
          null,
          1,
          null,
          1,
          5,
          null,
          null,
          null,
          1,
          2,
          null,
          null
        ]
      },
      "/root/cs3300iteration2/app/controllers/application_controller.rb": {
        "lines": [
          1,
          null
        ]
      },
      "/root/cs3300iteration2/app/models/mtg_card.rb": {
        "lines": [
          1,
          1,
          null
        ]
      },
      "/root/cs3300iteration2/app/channels/application_cable/channel.rb": {
        "lines": [
          0,
          0,
          0,
          0
        ],
        "branches": {
        }
      },
      "/root/cs3300iteration2/app/channels/application_cable/connection.rb": {
        "lines": [
          0,
          0,
          0,
          0
        ],
        "branches": {
        }
      },
      "/root/cs3300iteration2/app/helpers/application_helper.rb": {
        "lines": [
          0,
          0
        ],
        "branches": {
        }
      },
      "/root/cs3300iteration2/app/helpers/mtg_cards_helper.rb": {
        "lines": [
          0,
          0
        ],
        "branches": {
        }
      },
      "/root/cs3300iteration2/app/jobs/application_job.rb": {
        "lines": [
          0,
          null,
          null,
          null,
          null,
          null,
          0
        ],
        "branches": {
        }
      },
      "/root/cs3300iteration2/app/mailers/application_mailer.rb": {
        "lines": [
          0,
          0,
          0,
          0
        ],
        "branches": {
        }
      },
      "/root/cs3300iteration2/app/models/application_record.rb": {
        "lines": [
          0,
          0,
          0
        ],
        "branches": {
        }
      },
      "/root/cs3300iteration2/app/models/user.rb": {
        "lines": [
          0,
          null,
          null,
          0,
          0,
          0
        ],
        "branches": {
        }
      }
    },
    "timestamp": 1682817139
  }
}
